foundation/common/build/intermediates/manifest_merge_blame_file/debug/manifest-merger-blame-debug-report.txt
1<?xml version="1.0" encoding="utf-8"?>
2<manifest xmlns:android="http://schemas.android.com/apk/res/android"
3    package="com.common" >
4
5    <uses-sdk android:minSdkVersion="24" />
5-->src/main/AndroidManifest.xml
6
7    <uses-permission android:name="android.permission.CAMERA" />
7-->src/main/AndroidManifest.xml:3:5-65
7-->src/main/AndroidManifest.xml:3:22-62
8    <uses-permission
8-->src/main/AndroidManifest.xml:4:5-107
9        android:name="android.permission.READ_EXTERNAL_STORAGE"
9-->src/main/AndroidManifest.xml:4:22-77
10        android:maxSdkVersion="32" />
10-->src/main/AndroidManifest.xml:4:78-104
11    <uses-permission android:name="android.permission.READ_MEDIA_IMAGES" />
11-->src/main/AndroidManifest.xml:5:5-76
11-->src/main/AndroidManifest.xml:5:22-73
12    <uses-permission android:name="android.permission.READ_MEDIA_VISUAL_USER_SELECTED" />
12-->src/main/AndroidManifest.xml:6:5-90
12-->src/main/AndroidManifest.xml:6:22-87
13
14    <application>
14-->src/main/AndroidManifest.xml:8:5-18:19
15        <provider
15-->src/main/AndroidManifest.xml:9:9-17:20
16            android:name="androidx.core.content.FileProvider"
16-->src/main/AndroidManifest.xml:10:13-62
17            android:authorities="${applicationId}.fileprovider"
17-->src/main/AndroidManifest.xml:11:13-64
18            android:exported="false"
18-->src/main/AndroidManifest.xml:12:13-37
19            android:grantUriPermissions="true" >
19-->src/main/AndroidManifest.xml:13:13-47
20            <meta-data
20-->src/main/AndroidManifest.xml:14:13-16:54
21                android:name="android.support.FILE_PROVIDER_PATHS"
21-->src/main/AndroidManifest.xml:15:17-67
22                android:resource="@xml/file_paths" />
22-->src/main/AndroidManifest.xml:16:17-51
23        </provider>
24    </application>
25
26</manifest>